
Started GET / for :: ::ffff:127.0.0.1 at Wed Jan 17 2024 19:40:20 GMT-0300 (hora de verano de Chile)
  Parameters in body: {}
Completed: 404 message:  Time response: 9 ms Request ID: [c4892a4b-9f8d-4db6-bb6d-07826c08c45e]

Started GET / for :: ::ffff:127.0.0.1 at Wed Jan 17 2024 20:02:53 GMT-0300 (hora de verano de Chile)
  Parameters in body: {}
Completed: 404 message:  Time response: 8 ms Request ID: [e015d0be-4b9f-47e5-997c-43283dccd290]

Started GET /joyas/filtros?precio_min=25000&precio_max=30000&categoria=aros&metal=plata for :: ::ffff:127.0.0.1 at Wed Jan 17 2024 20:02:59 GMT-0300 (hora de verano de Chile)
  Parameters in body: {}
Completed: 200 message:  Time response: 159 ms Request ID: [b1a6fc62-4539-43f6-a139-b5a5284f9535]

Started GET /joyas/filtros?precio_min=25000&precio_max=30000&categoria%20=aros&metal=plata for :: ::ffff:127.0.0.1 at Wed Jan 17 2024 20:03:07 GMT-0300 (hora de verano de Chile)
  Parameters in body: {}
Completed: 200 message:  Time response: 7 ms Request ID: [bb8ef3ac-8b41-4e29-a180-77169235ffd3]

Started GET /joyas/filtros?precio_min=25000&precio_max=30000&categoria=aros&metal=plata for :: ::ffff:127.0.0.1 at Wed Jan 17 2024 20:06:52 GMT-0300 (hora de verano de Chile)
  Parameters in body: {}
Completed: 200 message:  Time response: 162 ms Request ID: [d228dd83-4812-4789-815e-258f44c8a348]

Started GET /joyas for :: ::ffff:127.0.0.1 at Wed Jan 17 2024 20:07:34 GMT-0300 (hora de verano de Chile)
  Parameters in body: {}
Completed: 200 message:  Time response: 35 ms Request ID: [31e60cd7-c2cd-4bb0-ad12-7df9ebfbd453]

Started GET /joyas/filtros?precio_min=25000&precio_max=30000&categoria=aros&metal=plata for :: ::ffff:127.0.0.1 at Wed Jan 17 2024 20:13:54 GMT-0300 (hora de verano de Chile)
  Parameters in body: {}
Completed: 200 message:  Time response: 47 ms Request ID: [293f2d0f-7643-4400-8173-78b997d51596]

Started GET /joyas for :: ::ffff:127.0.0.1 at Wed Jan 17 2024 20:13:57 GMT-0300 (hora de verano de Chile)
  Parameters in body: {}
Completed: 200 message:  Time response: 4 ms Request ID: [5715bba1-6a38-4421-855f-d47ddc04990b]

Started GET /joyas for :: ::1 at Wed Jan 17 2024 20:14:08 GMT-0300 (hora de verano de Chile)
  Parameters in body: {}
Completed: 200 message:  Time response: 40 ms Request ID: [d2a4ac8e-8888-4acc-b71d-8952a792e4f6]

Started GET /favicon.ico for :: ::1 at Wed Jan 17 2024 20:14:08 GMT-0300 (hora de verano de Chile)
  Parameters in body: {}
Completed: 404 message:  Time response: 6 ms Request ID: [3eb2e1c9-082b-4536-a15d-5fbddd3963d0]

Started GET /joyas for :: ::1 at Wed Jan 17 2024 20:15:08 GMT-0300 (hora de verano de Chile)
  Parameters in body: {}
Completed: 200 message:  Time response: 45 ms Request ID: [a3bef7d3-895e-4f20-924e-84eb4868740d]

Started GET /joyas for :: ::ffff:127.0.0.1 at Wed Jan 17 2024 20:17:58 GMT-0300 (hora de verano de Chile)
  Parameters in body: {}
Completed: 200 message:  Time response: 47 ms Request ID: [c056dbd3-1bc3-4b82-b439-5f4b1e393fea]

Started GET /joyas for :: ::1 at Wed Jan 17 2024 20:18:09 GMT-0300 (hora de verano de Chile)
  Parameters in body: {}
Completed: 200 message:  Time response: 146 ms Request ID: [6ec1b7a1-7892-43dd-8b4a-ec7f61b19f75]

Started GET /favicon.ico for :: ::1 at Wed Jan 17 2024 20:18:10 GMT-0300 (hora de verano de Chile)
  Parameters in body: {}
Completed: 404 message:  Time response: 5 ms Request ID: [078834df-a18f-449e-8b88-d718efb74180]

Started GET /joyas?limit=3&page=2&order_by=stock_ASC for :: ::ffff:127.0.0.1 at Wed Jan 17 2024 20:20:51 GMT-0300 (hora de verano de Chile)
  Parameters in body: {}
Completed: 200 message:  Time response: 30 ms Request ID: [cc674458-6780-40b3-8524-5ca1bdaa40e6]
